<?xml version="1.0" encoding="UTF-8"?>
<!-- Generated by org.testng.reporters.JUnitReportReporter -->
<testsuite skipped="0" hostname="MUVI-PC" name="intrvw.SignupTest" tests="1" failures="0" timestamp="31 Oct 2017 13:55:28 GMT" time="16.846" errors="0">
  <testcase name="SignupTest" time="16.846" classname="intrvw.SignupTest"/>
</testsuite> <!-- intrvw.SignupTest -->
