<?xml version="1.0" encoding="UTF-8"?>
<!-- Generated by org.testng.reporters.JUnitReportReporter -->
<testsuite skipped="0" hostname="MUVI-PC" name="Sprint3.Resolution" tests="1" failures="0" timestamp="28 Feb 2018 13:35:19 GMT" time="175.616" errors="0">
  <testcase name="ResolutionChecking" time="175.616" classname="Sprint3.Resolution"/>
</testsuite> <!-- Sprint3.Resolution -->
