<?xml version="1.0" encoding="UTF-8"?>
<!-- Generated by org.testng.reporters.JUnitReportReporter -->
<testsuite skipped="0" hostname="MUVI-PC" name="Mob_test.sonyTest" tests="1" failures="0" timestamp="14 Nov 2017 13:04:18 GMT" time="13.570" errors="0">
  <testcase name="Searching" time="13.570" classname="Mob_test.sonyTest"/>
</testsuite> <!-- Mob_test.sonyTest -->
