<?xml version="1.0" encoding="UTF-8"?>
<!-- Generated by org.testng.reporters.JUnitReportReporter -->
<testsuite skipped="0" hostname="MUVI-PC" name="Sprint3.Multipart_Content" tests="2" failures="0" timestamp="27 Dec 2017 09:43:37 GMT" time="90.728" errors="0">
  <testcase name="Verify_All_Titles" time="17.008" classname="Sprint3.Multipart_Content"/>
  <testcase name="Testing" time="73.720" classname="Sprint3.Multipart_Content"/>
</testsuite> <!-- Sprint3.Multipart_Content -->
