<?xml version="1.0" encoding="UTF-8"?>
<!-- Generated by org.testng.reporters.JUnitReportReporter -->
<testsuite skipped="0" hostname="MUVI-PC" name="Sprint3.Purchase_Subscription" tests="1" failures="0" timestamp="26 Dec 2017 10:52:44 GMT" time="104.992" errors="0">
  <testcase name="Choose_Plans" time="104.992" classname="Sprint3.Purchase_Subscription"/>
</testsuite> <!-- Sprint3.Purchase_Subscription -->
