<?xml version="1.0" encoding="UTF-8"?>
<!-- Generated by org.testng.reporters.JUnitReportReporter -->
<testsuite skipped="0" hostname="MUVI-PC" name="Mob_test.StarRating" tests="1" failures="0" timestamp="09 Nov 2017 07:21:51 GMT" time="49.641" errors="0">
  <testcase name="Demo" time="49.641" classname="Mob_test.StarRating"/>
</testsuite> <!-- Mob_test.StarRating -->
