<?xml version="1.0" encoding="UTF-8"?>
<!-- Generated by org.testng.reporters.JUnitReportReporter -->
<testsuite skipped="0" hostname="MUVI-PC" name="Sapphire_Test.Search_button" tests="1" failures="0" timestamp="15 Nov 2017 06:22:49 GMT" time="57.289" errors="0">
  <testcase name="Searching" time="57.289" classname="Sapphire_Test.Search_button"/>
</testsuite> <!-- Sapphire_Test.Search_button -->
