<?xml version="1.0" encoding="UTF-8"?>
<!-- Generated by org.testng.reporters.JUnitReportReporter -->
<testsuite skipped="0" hostname="MUVI-PC" name="Sprint3.Banner_Content_size" tests="2" failures="0" timestamp="28 Feb 2018 11:34:31 GMT" time="42.321" errors="0">
  <testcase name="HomepageBanner" time="5.194" classname="Sprint3.Banner_Content_size"/>
  <testcase name="ContentBanner" time="37.127" classname="Sprint3.Banner_Content_size"/>
</testsuite> <!-- Sprint3.Banner_Content_size -->
