<?xml version="1.0" encoding="UTF-8"?>
<!-- Generated by org.testng.reporters.JUnitReportReporter -->
<testsuite skipped="0" hostname="MUVI-PC" name="Sprint2.Search_button" tests="1" failures="0" timestamp="15 Nov 2017 13:15:13 GMT" time="58.250" errors="0">
  <testcase name="Searching" time="58.250" classname="Sprint2.Search_button"/>
</testsuite> <!-- Sprint2.Search_button -->
