<?xml version="1.0" encoding="UTF-8"?>
<!-- Generated by org.testng.reporters.JUnitReportReporter -->
<testsuite skipped="0" hostname="MUVI-PC" name="Sprint1.Diff_Login_Scenario" tests="1" failures="0" timestamp="28 Feb 2018 10:34:14 GMT" time="162.414" errors="0">
  <testcase name="SapphireAppDemo" time="162.414" classname="Sprint1.Diff_Login_Scenario"/>
</testsuite> <!-- Sprint1.Diff_Login_Scenario -->
