<?xml version="1.0" encoding="UTF-8"?>
<!-- Generated by org.testng.reporters.JUnitReportReporter -->
<testsuite skipped="0" hostname="MUVI-PC" name="Sprint2.Change_Password" tests="1" failures="0" timestamp="28 Feb 2018 11:22:12 GMT" time="166.637" errors="0">
  <testcase name="ChnagePassword" time="166.637" classname="Sprint2.Change_Password"/>
</testsuite> <!-- Sprint2.Change_Password -->
