<?xml version="1.0" encoding="UTF-8"?>
<!-- Generated by org.testng.reporters.JUnitReportReporter -->
<testsuite skipped="0" hostname="MUVI-PC" name="Sprint2.Static_Page" tests="1" failures="0" timestamp="28 Feb 2018 11:31:15 GMT" time="118.870" errors="0">
  <testcase name="staticPage" time="118.870" classname="Sprint2.Static_Page"/>
</testsuite> <!-- Sprint2.Static_Page -->
