<?xml version="1.0" encoding="UTF-8"?>
<!-- Generated by org.testng.reporters.JUnitReportReporter -->
<testsuite skipped="6" hostname="MUVI-PC" name="Sprint2.PPV_Subscription" tests="7" failures="0" timestamp="21 Nov 2017 13:54:59 GMT" time="86.980" errors="0">
  <testcase name="Purchase_History" time="86.980" classname="Sprint2.PPV_Subscription"/>
  <testcase name="coupon_50" classname="Sprint2.PPV_Subscription">
    <skipped/>
  </testcase> <!-- coupon_50 -->
  <testcase name="Voucher_Test" classname="Sprint2.PPV_Subscription">
    <skipped/>
  </testcase> <!-- Voucher_Test -->
  <testcase name="coupon_amnt_100" classname="Sprint2.PPV_Subscription">
    <skipped/>
  </testcase> <!-- coupon_amnt_100 -->
  <testcase name="coupon_amnt_20" classname="Sprint2.PPV_Subscription">
    <skipped/>
  </testcase> <!-- coupon_amnt_20 -->
  <testcase name="coupon_100" classname="Sprint2.PPV_Subscription">
    <skipped/>
  </testcase> <!-- coupon_100 -->
  <testcase name="Without_Coupon_VDO" classname="Sprint2.PPV_Subscription">
    <skipped/>
  </testcase> <!-- Without_Coupon_VDO -->
</testsuite> <!-- Sprint2.PPV_Subscription -->
