<?xml version="1.0" encoding="UTF-8"?>
<!-- Generated by org.testng.reporters.JUnitReportReporter -->
<testsuite skipped="0" hostname="MUVI-PC" name="Sprint3.Subtitle" tests="1" failures="0" timestamp="28 Feb 2018 13:39:36 GMT" time="202.246" errors="0">
  <testcase name="startApp" time="202.246" classname="Sprint3.Subtitle"/>
</testsuite> <!-- Sprint3.Subtitle -->
