<?xml version="1.0" encoding="UTF-8"?>
<!-- Generated by org.testng.reporters.JUnitReportReporter -->
<testsuite skipped="0" hostname="MUVI-PC" name="Sprint1.Homepage_Content" tests="1" failures="0" timestamp="28 Feb 2018 10:44:23 GMT" time="41.110" errors="0">
  <testcase name="SapphireAppDemo" time="41.110" classname="Sprint1.Homepage_Content"/>
</testsuite> <!-- Sprint1.Homepage_Content -->
