<?xml version="1.0" encoding="UTF-8"?>
<!-- Generated by org.testng.reporters.JUnitReportReporter -->
<testsuite skipped="0" hostname="MUVI-PC" name="Sapphire_Test.Forgot_Password" tests="1" failures="0" timestamp="14 Nov 2017 05:45:48 GMT" time="63.076" errors="0">
  <testcase name="SapphireAppDemo" time="63.076" classname="Sapphire_Test.Forgot_Password"/>
</testsuite> <!-- Sapphire_Test.Forgot_Password -->
