<?xml version="1.0" encoding="UTF-8"?>
<!-- Generated by org.testng.reporters.JUnitReportReporter -->
<testsuite skipped="0" hostname="MUVI-PC" name="Sprint3.Search_button" tests="1" failures="0" timestamp="27 Dec 2017 10:40:23 GMT" time="56.603" errors="0">
  <testcase name="Searching" time="56.603" classname="Sprint3.Search_button"/>
</testsuite> <!-- Sprint3.Search_button -->
