<?xml version="1.0" encoding="UTF-8"?>
<!-- Generated by org.testng.reporters.JUnitReportReporter -->
<testsuite skipped="0" hostname="MUVI-PC" name="Sprint3.MyLibrary" tests="1" failures="0" timestamp="26 Dec 2017 09:53:41 GMT" time="7.413" errors="0">
  <testcase name="Mylibrary" time="7.413" classname="Sprint3.MyLibrary"/>
</testsuite> <!-- Sprint3.MyLibrary -->
