<?xml version="1.0" encoding="UTF-8"?>
<!-- Generated by org.testng.reporters.JUnitReportReporter -->
<testsuite skipped="0" hostname="MUVI-PC" name="Sprint3.ContactUs" tests="1" failures="0" timestamp="28 Feb 2018 12:02:55 GMT" time="111.462" errors="0">
  <testcase name="Contact_Us" time="111.462" classname="Sprint3.ContactUs"/>
</testsuite> <!-- Sprint3.ContactUs -->
