<?xml version="1.0" encoding="UTF-8"?>
<!-- Generated by org.testng.reporters.JUnitReportReporter -->
<testsuite skipped="0" hostname="MUVI-PC" name="Sprint3.Offline" tests="1" failures="0" timestamp="28 Feb 2018 12:43:49 GMT" time="347.256" errors="0">
  <testcase name="offLine" time="347.256" classname="Sprint3.Offline"/>
</testsuite> <!-- Sprint3.Offline -->
