<?xml version="1.0" encoding="UTF-8"?>
<!-- Generated by org.testng.reporters.JUnitReportReporter -->
<testsuite skipped="0" hostname="MUVI-PC" name="Sprint1.Sapphire" tests="1" failures="0" timestamp="15 Dec 2017 09:54:02 GMT" time="90.492" errors="0">
  <testcase name="SapphireAppDemo" time="90.492" classname="Sprint1.Sapphire"/>
</testsuite> <!-- Sprint1.Sapphire -->
