<?xml version="1.0" encoding="UTF-8"?>
<!-- Generated by org.testng.reporters.JUnitReportReporter -->
<testsuite skipped="0" hostname="MUVI-PC" name="Mob_test.Sapphire" tests="1" failures="0" timestamp="07 Nov 2017 10:17:39 GMT" time="116.217" errors="0">
  <testcase name="SapphireAppDemo" time="116.217" classname="Mob_test.Sapphire"/>
</testsuite> <!-- Mob_test.Sapphire -->
