<?xml version="1.0" encoding="UTF-8"?>
<!-- Generated by org.testng.reporters.JUnitReportReporter -->
<testsuite skipped="0" hostname="MUVI-PC" name="Mob_test.MuviApp_Demo" tests="1" failures="0" timestamp="02 Nov 2017 12:55:31 GMT" time="45.674" errors="0">
  <testcase name="PlusNightsAppDemo" time="45.674" classname="Mob_test.MuviApp_Demo"/>
</testsuite> <!-- Mob_test.MuviApp_Demo -->
