<?xml version="1.0" encoding="UTF-8"?>
<!-- Generated by org.testng.reporters.JUnitReportReporter -->
<testsuite skipped="0" hostname="MUVI-PC" name="Sprint2.Logo_honor" tests="3" failures="0" timestamp="28 Feb 2018 11:25:36 GMT" time="128.755" errors="0">
  <testcase name="MenuLogo" time="42.872" classname="Sprint2.Logo_honor"/>
  <testcase name="LoginmenuLogo" time="42.754" classname="Sprint2.Logo_honor"/>
  <testcase name="RegisterMenuLogo" time="43.129" classname="Sprint2.Logo_honor"/>
</testsuite> <!-- Sprint2.Logo_honor -->
