<?xml version="1.0" encoding="UTF-8"?>
<!-- Generated by org.testng.reporters.JUnitReportReporter -->
<testsuite skipped="0" hostname="MUVI-PC" name="Sprint3.Fav_Review" tests="1" failures="0" timestamp="28 Feb 2018 12:13:04 GMT" time="226.357" errors="0">
  <testcase name="Fav_n_Review" time="226.357" classname="Sprint3.Fav_Review"/>
</testsuite> <!-- Sprint3.Fav_Review -->
