<?xml version="1.0" encoding="UTF-8"?>
<!-- Generated by org.testng.reporters.JUnitReportReporter -->
<testsuite skipped="0" hostname="MUVI-PC" name="Mob_test.Saphr_RegBy_FB" tests="1" failures="0" timestamp="06 Nov 2017 10:29:30 GMT" time="62.635" errors="0">
  <testcase name="Register_Using_FB" time="62.635" classname="Mob_test.Saphr_RegBy_FB"/>
</testsuite> <!-- Mob_test.Saphr_RegBy_FB -->
