<?xml version="1.0" encoding="UTF-8"?>
<!-- Generated by org.testng.reporters.JUnitReportReporter -->
<testsuite skipped="0" hostname="MUVI-PC" name="Sprint2.Cast_N_Crew" tests="1" failures="0" timestamp="28 Feb 2018 11:01:25 GMT" time="156.956" errors="0">
  <testcase name="CastAndCrew" time="156.956" classname="Sprint2.Cast_N_Crew"/>
</testsuite> <!-- Sprint2.Cast_N_Crew -->
