<?xml version="1.0" encoding="UTF-8"?>
<!-- Generated by org.testng.reporters.JUnitReportReporter -->
<testsuite skipped="0" hostname="MUVI-PC" name="Sprint2.Subscription" tests="1" failures="0" timestamp="17 Nov 2017 05:37:13 GMT" time="56.477" errors="0">
  <testcase name="ppv_subscription" time="56.477" classname="Sprint2.Subscription"/>
</testsuite> <!-- Sprint2.Subscription -->
