<?xml version="1.0" encoding="UTF-8"?>
<!-- Generated by org.testng.reporters.JUnitReportReporter -->
<testsuite skipped="0" hostname="MUVI-PC" name="Sapphire_Test.Diff_Login_Scenario" tests="1" failures="0" timestamp="13 Nov 2017 12:18:48 GMT" time="138.646" errors="0">
  <testcase name="SapphireAppDemo" time="138.646" classname="Sapphire_Test.Diff_Login_Scenario"/>
</testsuite> <!-- Sapphire_Test.Diff_Login_Scenario -->
