<?xml version="1.0" encoding="UTF-8"?>
<!-- Generated by org.testng.reporters.JUnitReportReporter -->
<testsuite skipped="0" hostname="MUVI-PC" name="Mob_test.Sapphire_Lang" tests="1" failures="0" timestamp="07 Nov 2017 06:06:32 GMT" time="63.660" errors="0">
  <testcase name="Register_Using_FB" time="63.660" classname="Mob_test.Sapphire_Lang"/>
</testsuite> <!-- Mob_test.Sapphire_Lang -->
