<?xml version="1.0" encoding="UTF-8"?>
<!-- Generated by org.testng.reporters.JUnitReportReporter -->
<testsuite skipped="0" hostname="MUVI-PC" name="Mob_test.Saphr_RegBy_GMAIL" tests="1" failures="0" timestamp="06 Nov 2017 11:59:03 GMT" time="118.158" errors="0">
  <testcase name="Register_Using_FB" time="118.158" classname="Mob_test.Saphr_RegBy_GMAIL"/>
</testsuite> <!-- Mob_test.Saphr_RegBy_GMAIL -->
