<?xml version="1.0" encoding="UTF-8"?>
<!-- Generated by org.testng.reporters.JUnitReportReporter -->
<testsuite skipped="0" hostname="MUVI-PC" name="Sprint1.Saphr_Register" tests="1" failures="0" timestamp="28 Feb 2018 10:52:00 GMT" time="91.351" errors="0">
  <testcase name="Registering" time="91.351" classname="Sprint1.Saphr_Register"/>
</testsuite> <!-- Sprint1.Saphr_Register -->
