<?xml version="1.0" encoding="UTF-8"?>
<!-- Generated by org.testng.reporters.JUnitReportReporter -->
<testsuite skipped="0" hostname="MUVI-PC" name="Sprint3.Banner_Size_TAB" tests="3" failures="0" timestamp="28 Nov 2017 07:34:58 GMT" time="30.726" errors="0">
  <testcase name="HomepageBanner" time="5.778" classname="Sprint3.Banner_Size_TAB"/>
  <testcase name="SinglepartBanner" time="12.407" classname="Sprint3.Banner_Size_TAB"/>
  <testcase name="MultipartBanner" time="12.541" classname="Sprint3.Banner_Size_TAB"/>
</testsuite> <!-- Sprint3.Banner_Size_TAB -->
