<?xml version="1.0" encoding="UTF-8"?>
<!-- Generated by org.testng.reporters.JUnitReportReporter -->
<testsuite skipped="0" hostname="MUVI-PC" name="Mob_test.P2" tests="1" failures="0" timestamp="28 Feb 2018 07:30:40 GMT" time="51.725" errors="0">
  <testcase name="testing" time="51.725" classname="Mob_test.P2"/>
</testsuite> <!-- Mob_test.P2 -->
