<?xml version="1.0" encoding="UTF-8"?>
<!-- Generated by org.testng.reporters.JUnitReportReporter -->
<testsuite skipped="0" hostname="MUVI-PC" name="Sprint3.Watermark" tests="1" failures="0" timestamp="29 Dec 2017 06:46:34 GMT" time="198.948" errors="0">
  <testcase name="watermark" time="198.948" classname="Sprint3.Watermark"/>
</testsuite> <!-- Sprint3.Watermark -->
