<?xml version="1.0" encoding="UTF-8"?>
<!-- Generated by org.testng.reporters.JUnitReportReporter -->
<testsuite skipped="0" hostname="MUVI-PC" name="Sprint2.Logo" tests="3" failures="0" timestamp="01 Dec 2017 05:44:45 GMT" time="133.106" errors="0">
  <testcase name="MenuLogo" time="43.495" classname="Sprint2.Logo"/>
  <testcase name="LoginmenuLogo" time="44.408" classname="Sprint2.Logo"/>
  <testcase name="RegisterMenuLogo" time="45.203" classname="Sprint2.Logo"/>
</testsuite> <!-- Sprint2.Logo -->
