<?xml version="1.0" encoding="UTF-8"?>
<!-- Generated by org.testng.reporters.JUnitReportReporter -->
<testsuite skipped="0" hostname="MUVI-PC" name="Sprint3.Player_Control" tests="1" failures="0" timestamp="28 Feb 2018 13:31:29 GMT" time="172.384" errors="0">
  <testcase name="Screen" time="172.384" classname="Sprint3.Player_Control"/>
</testsuite> <!-- Sprint3.Player_Control -->
