<?xml version="1.0" encoding="UTF-8"?>
<!-- Generated by org.testng.reporters.JUnitReportReporter -->
<testsuite skipped="0" hostname="MUVI-PC" name="Sapphire_Test.Sapphire" tests="1" failures="0" timestamp="08 Nov 2017 06:08:02 GMT" time="100.968" errors="0">
  <testcase name="SapphireAppDemo" time="100.968" classname="Sapphire_Test.Sapphire"/>
</testsuite> <!-- Sapphire_Test.Sapphire -->
