<?xml version="1.0" encoding="UTF-8"?>
<!-- Generated by org.testng.reporters.JUnitReportReporter -->
<testsuite skipped="0" hostname="MUVI-PC" name="Sprint1.Forgot_Password" tests="1" failures="0" timestamp="28 Feb 2018 10:39:10 GMT" time="63.250" errors="0">
  <testcase name="SapphireAppDemo" time="63.250" classname="Sprint1.Forgot_Password"/>
</testsuite> <!-- Sprint1.Forgot_Password -->
