<?xml version="1.0" encoding="UTF-8"?>
<!-- Generated by org.testng.reporters.JUnitReportReporter -->
<testsuite skipped="0" hostname="MUVI-PC" name="Sprint2.Profile_Page" tests="1" failures="0" timestamp="28 Feb 2018 11:28:48 GMT" time="141.181" errors="0">
  <testcase name="Profilepage" time="141.181" classname="Sprint2.Profile_Page"/>
</testsuite> <!-- Sprint2.Profile_Page -->
