<?xml version="1.0" encoding="UTF-8"?>
<!-- Generated by org.testng.reporters.JUnitReportReporter -->
<testsuite skipped="6" hostname="MUVI-PC" name="Sapphire_Test.Sprint_1" tests="8" failures="0" timestamp="14 Nov 2017 07:33:55 GMT" time="354.810" errors="0">
  <testcase name="ID_1212" time="206.268" classname="Sapphire_Test.Sprint_1"/>
  <testcase name="Login_Scenario" time="148.542" classname="Sapphire_Test.Sprint_1"/>
  <testcase name="Forgot_Password" classname="Sapphire_Test.Sprint_1">
    <skipped/>
  </testcase> <!-- Forgot_Password -->
  <testcase name="Language" classname="Sapphire_Test.Sprint_1">
    <skipped/>
  </testcase> <!-- Language -->
  <testcase name="Registering" classname="Sapphire_Test.Sprint_1">
    <skipped/>
  </testcase> <!-- Registering -->
  <testcase name="Register_Using_FB" classname="Sapphire_Test.Sprint_1">
    <skipped/>
  </testcase> <!-- Register_Using_FB -->
  <testcase name="SapphireAppDemo" classname="Sapphire_Test.Sprint_1">
    <skipped/>
  </testcase> <!-- SapphireAppDemo -->
  <testcase name="Register_Using_Gmail" classname="Sapphire_Test.Sprint_1">
    <skipped/>
  </testcase> <!-- Register_Using_Gmail -->
</testsuite> <!-- Sapphire_Test.Sprint_1 -->
