<?xml version="1.0" encoding="UTF-8"?>
<!-- Generated by org.testng.reporters.JUnitReportReporter -->
<testsuite skipped="0" hostname="MUVI-PC" name="Mob_test.Saphr_Register" tests="1" failures="0" timestamp="06 Nov 2017 08:53:48 GMT" time="65.370" errors="0">
  <testcase name="Registering" time="65.370" classname="Mob_test.Saphr_Register"/>
</testsuite> <!-- Mob_test.Saphr_Register -->
