<?xml version="1.0" encoding="UTF-8"?>
<!-- Generated by org.testng.reporters.JUnitReportReporter -->
<testsuite skipped="0" hostname="MUVI-PC" name="Sprint3.Content_size" tests="1" failures="0" timestamp="27 Nov 2017 05:47:24 GMT" time="46.500" errors="0">
  <testcase name="ContentSize" time="46.500" classname="Sprint3.Content_size"/>
</testsuite> <!-- Sprint3.Content_size -->
